nohup: ignoring input
# a142886 v0.1.0 --parallel --max-n 203 --checkpoint a142886_results.txt
# started 2026-05-22 20:14:10 local
# columns: [timestamp] n a(n)
[2026-05-22 20:14:10] 0 1
[2026-05-22 20:14:10] 1 1
[2026-05-22 20:14:10] 2 0
[2026-05-22 20:14:10] 3 0
[2026-05-22 20:14:10] 4 1
[2026-05-22 20:14:10] 5 1
[2026-05-22 20:14:10] 6 0
[2026-05-22 20:14:10] 7 0
[2026-05-22 20:14:10] 8 1
[2026-05-22 20:14:10] 9 2
[2026-05-22 20:14:10] 10 0
[2026-05-22 20:14:10] 11 0
[2026-05-22 20:14:10] 12 3
[2026-05-22 20:14:10] 13 2
[2026-05-22 20:14:10] 14 0
[2026-05-22 20:14:10] 15 0
[2026-05-22 20:14:10] 16 5
[2026-05-22 20:14:10] 17 4
[2026-05-22 20:14:10] 18 0
[2026-05-22 20:14:10] 19 0
[2026-05-22 20:14:10] 20 12
[2026-05-22 20:14:10] 21 7
[2026-05-22 20:14:10] 22 0
[2026-05-22 20:14:10] 23 0
[2026-05-22 20:14:10] 24 20
[2026-05-22 20:14:10] 25 11
[2026-05-22 20:14:10] 26 0
[2026-05-22 20:14:10] 27 0
[2026-05-22 20:14:10] 28 45
[2026-05-22 20:14:10] 29 20
[2026-05-22 20:14:10] 30 0
[2026-05-22 20:14:10] 31 0
[2026-05-22 20:14:10] 32 80
[2026-05-22 20:14:10] 33 36
[2026-05-22 20:14:10] 34 0
[2026-05-22 20:14:10] 35 0
[2026-05-22 20:14:10] 36 173
[2026-05-22 20:14:10] 37 65
[2026-05-22 20:14:10] 38 0
[2026-05-22 20:14:10] 39 0
[2026-05-22 20:14:10] 40 310
[2026-05-22 20:14:10] 41 117
[2026-05-22 20:14:10] 42 0
[2026-05-22 20:14:10] 43 0
[2026-05-22 20:14:10] 44 664
[2026-05-22 20:14:10] 45 216
[2026-05-22 20:14:10] 46 0
[2026-05-22 20:14:10] 47 0
[2026-05-22 20:14:10] 48 1210
[2026-05-22 20:14:10] 49 396
[2026-05-22 20:14:10] 50 0
[2026-05-22 20:14:10] 51 0
[2026-05-22 20:14:10] 52 2570
[2026-05-22 20:14:10] 53 736
[2026-05-22 20:14:10] 54 0
[2026-05-22 20:14:10] 55 0
[2026-05-22 20:14:10] 56 4728
[2026-05-22 20:14:10] 57 1369
[2026-05-22 20:14:10] 58 0
[2026-05-22 20:14:10] 59 0
[2026-05-22 20:14:10] 60 9976
[2026-05-22 20:14:10] 61 2558
[2026-05-22 20:14:10] 62 0
[2026-05-22 20:14:10] 63 0
[2026-05-22 20:14:10] 64 18468
[2026-05-22 20:14:10] 65 4787
[2026-05-22 20:14:10] 66 0
[2026-05-22 20:14:10] 67 0
[2026-05-22 20:14:10] 68 38840
[2026-05-22 20:14:11] 69 9006
[2026-05-22 20:14:11] 70 0
[2026-05-22 20:14:11] 71 0
[2026-05-22 20:14:11] 72 72320
[2026-05-22 20:14:11] 73 16969
[2026-05-22 20:14:11] 74 0
[2026-05-22 20:14:11] 75 0
[2026-05-22 20:14:11] 76 151580
[2026-05-22 20:14:11] 77 32101
[2026-05-22 20:14:11] 78 0
[2026-05-22 20:14:11] 79 0
[2026-05-22 20:14:11] 80 283504
[2026-05-22 20:14:11] 81 60773
[2026-05-22 20:14:11] 82 0
[2026-05-22 20:14:11] 83 0
[2026-05-22 20:14:11] 84 592737
[2026-05-22 20:14:11] 85 115435
[2026-05-22 20:14:11] 86 0
[2026-05-22 20:14:11] 87 0
[2026-05-22 20:14:11] 88 1112935
[2026-05-22 20:14:11] 89 219474
[2026-05-22 20:14:11] 90 0
[2026-05-22 20:14:11] 91 0
[2026-05-22 20:14:11] 92 2322161
[2026-05-22 20:14:11] 93 418415
[2026-05-22 20:14:11] 94 0
[2026-05-22 20:14:11] 95 0
[2026-05-22 20:14:11] 96 4374861
[2026-05-22 20:14:11] 97 798499
[2026-05-22 20:14:11] 98 0
[2026-05-22 20:14:11] 99 0
[2026-05-22 20:14:11] 100 9112989
[2026-05-22 20:14:11] 101 1527325
[2026-05-22 20:14:11] 102 0
[2026-05-22 20:14:11] 103 0
[2026-05-22 20:14:11] 104 17218085
[2026-05-22 20:14:11] 105 2923843
[2026-05-22 20:14:11] 106 0
[2026-05-22 20:14:11] 107 0
[2026-05-22 20:14:11] 108 35815047
[2026-05-22 20:14:11] 109 5608231
[2026-05-22 20:14:11] 110 0
[2026-05-22 20:14:11] 111 0
[2026-05-22 20:14:11] 112 67841074
[2026-05-22 20:14:11] 113 10765095
[2026-05-22 20:14:11] 114 0
[2026-05-22 20:14:11] 115 0
[2026-05-22 20:14:11] 116 140947277
[2026-05-22 20:14:11] 117 20699696
[2026-05-22 20:14:11] 118 0
[2026-05-22 20:14:11] 119 0
[2026-05-22 20:14:11] 120 267588663
[2026-05-22 20:14:12] 121 39830062
[2026-05-22 20:14:12] 122 0
[2026-05-22 20:14:12] 123 0
[2026-05-22 20:14:12] 124 555379981
[2026-05-22 20:14:12] 125 76758005
[2026-05-22 20:14:12] 126 0
[2026-05-22 20:14:12] 127 0
[2026-05-22 20:14:13] 128 1056522627
[2026-05-22 20:14:14] 129 148017641
[2026-05-22 20:14:14] 130 0
[2026-05-22 20:14:14] 131 0
[2026-05-22 20:14:16] 132 2190875383
[2026-05-22 20:14:17] 133 285817849
[2026-05-22 20:14:17] 134 0
[2026-05-22 20:14:17] 135 0
[2026-05-22 20:14:21] 136 4175367854
[2026-05-22 20:14:22] 137 552229495
[2026-05-22 20:14:22] 138 0
[2026-05-22 20:14:22] 139 0
[2026-05-22 20:14:31] 140 8651648502
[2026-05-22 20:14:33] 141 1068249456
[2026-05-22 20:14:33] 142 0
[2026-05-22 20:14:33] 143 0
[2026-05-22 20:14:50] 144 16515441625
[2026-05-22 20:14:54] 145 2067574197
[2026-05-22 20:14:54] 146 0
[2026-05-22 20:14:54] 147 0
[2026-05-22 20:15:28] 148 34197996092
[2026-05-22 20:15:35] 149 4006095110
[2026-05-22 20:15:35] 150 0
[2026-05-22 20:15:35] 151 0
[2026-05-22 20:16:47] 152 65379642937
[2026-05-22 20:17:01] 153 7766050830
[2026-05-22 20:17:01] 154 0
[2026-05-22 20:17:01] 155 0
[2026-05-22 20:19:20] 156 135298565812
[2026-05-22 20:19:47] 157 15069800548
[2026-05-22 20:19:47] 158 0
[2026-05-22 20:19:47] 159 0
[2026-05-22 20:24:21] 160 259018020084
[2026-05-22 20:25:13] 161 29256182414
[2026-05-22 20:25:13] 162 0
[2026-05-22 20:25:13] 163 0
[2026-05-22 20:34:36] 164 535733678780
[2026-05-22 20:36:18] 165 56848372934
[2026-05-22 20:36:18] 166 0
[2026-05-22 20:36:18] 167 0
[2026-05-22 20:54:26] 168 1026909298960
[2026-05-22 20:57:46] 169 110511266536
[2026-05-22 20:57:46] 170 0
[2026-05-22 20:57:46] 171 0
[2026-05-22 21:32:05] 172 2122968114476
[2026-05-22 21:38:52] 173 215006917388
[2026-05-22 21:38:52] 174 0
[2026-05-22 21:38:52] 175 0
[2026-05-22 22:50:52] 176 4074089466979
[2026-05-22 23:03:28] 177 418479036910
[2026-05-22 23:03:28] 178 0
[2026-05-22 23:03:28] 179 0
[2026-05-23 01:20:33] 180 8418895359009
[2026-05-23 01:45:13] 181 815124434212
[2026-05-23 01:45:13] 182 0
[2026-05-23 01:45:13] 183 0
[2026-05-23 06:23:59] 184 16173675578176
[2026-05-23 07:14:29] 185 1588320840500
[2026-05-23 07:14:29] 186 0
[2026-05-23 07:14:29] 187 0
[2026-05-23 17:04:55] 188 33409061095508
[2026-05-23 18:42:36] 189 3097108654488
[2026-05-23 18:42:36] 190 0
[2026-05-23 18:42:36] 191 0
[2026-05-24 13:53:21] 192 64246743385444
[2026-05-24 17:04:20] 193 6041272987934
[2026-05-24 17:04:20] 194 0
[2026-05-24 17:04:20] 195 0
[2026-05-26 07:43:20] 196 132663997491451
[2026-05-26 13:44:18] 197 11791854838392
[2026-05-26 13:44:18] 198 0
[2026-05-26 13:44:18] 199 0
[2026-05-29 16:26:26] 200 255354455069817
